Info: *******************************************************************
Info: Running Quartus Prime Shell
    Info: Version 18.1.1 Build 646 04/11/2019 SJ Lite Edition
    Info: Copyright (C) 2019  Intel Corporation. All rights reserved.
    Info: Your use of Intel Corporation's design tools, logic functions 
    Info: and other software and tools, and any partner logic 
    Info: functions, and any output files from any of the foregoing 
    Info: (including device programming or simulation files), and any 
    Info: associated documentation or information are expressly subject 
    Info: to the terms and conditions of the Intel Program License 
    Info: Subscription Agreement, the Intel Quartus Prime License Agreement,
    Info: the Intel FPGA IP License Agreement, or other applicable license
    Info: agreement, including, without limitation, that your use is for
    Info: the sole purpose of programming logic devices manufactured by
    Info: Intel and sold by Intel or its authorized distributors.  Please
    Info: refer to the applicable agreement for further details, at
    Info: https://fpgasoftware.intel.com/eula.
    Info: Processing started: Wed Jun  5 23:56:42 2024
Info: Command: quartus_sh --determine_smart_action or1420SingleCore
Info: Quartus(args): or1420SingleCore
Info (293032): Detected changes in source files.
    Info (293027): Source file: /home/quadri/Desktop/myfiles/CS-476-Embedded-Systems/project/virtual_prototype/modules/sobel/edge_detection.v has changed.
Info: SMART_ACTION = SOURCE
Info (23030): Evaluation of Tcl script /opt/intelFPGA-lite/18.1/quartus/common/tcl/internal/qsh_smart.tcl was successful
Info: Quartus Prime Shell was successful. 0 errors, 0 warnings
    Info: Peak virtual memory: 785 megabytes
    Info: Processing ended: Wed Jun  5 23:56:43 2024
    Info: Elapsed time: 00:00:01
    Info: Total CPU time (on all processors): 00:00:00
